<?xml version="1.0" encoding="UTF-8"?>
<!-- Generated by org.testng.reporters.JUnitXMLReporter -->
<testsuite ignored="0" hostname="DESKTOP-E9KTJ4S" failures="1" tests="1" name="Default test(failed)" time="6.16" errors="0" timestamp="2022-09-27T00:13:27 IST">
  <testcase classname="com.actitime.testscript.DemoAssertion" name="verifyTitle" time="6.095">
    <failure type="java.lang.AssertionError" message="The following asserts failed:
	expected [Soogle] but found [Google]">
      <![CDATA[java.lang.AssertionError: The following asserts failed:
expected [Soogle] but found [Google]
at com.actitime.testscript.DemoAssertion.verifyTitle(DemoAssertion.java:29)
at java.base/java.util.ArrayList.forEach(ArrayList.java:1511)
... Removed 27 stack frames]]>
    </failure>
  </testcase> <!-- verifyTitle -->
</testsuite> <!-- Default test(failed) -->
